<?xml version="1.0" encoding="UTF-8"?>
<!-- Generated by org.testng.reporters.JUnitXMLReporter -->
<testsuite ignored="0" hostname="AVIRVERM-M-L7GK" failures="0" tests="3" name="Regression" time="10.577" errors="0" timestamp="2022-07-01T16:42:34 IST">
  <testcase classname="testCases.firstTest" name="first" time="0.001"/>
  <testcase classname="testCases.firstTest" name="second" time="0.001"/>
  <testcase classname="testCases.secondTest" name="first" time="0.001"/>
</testsuite> <!-- Regression -->
